[debug] [2024-09-20T06:59:52.873Z] ----------------------------------------------------------------------
[debug] [2024-09-20T06:59:52.877Z] Command:       /usr/local/bin/node /usr/local/bin/firebase init
[debug] [2024-09-20T06:59:52.878Z] CLI Version:   13.18.0
[debug] [2024-09-20T06:59:52.878Z] Platform:      darwin
[debug] [2024-09-20T06:59:52.878Z] Node Version:  v20.15.1
[debug] [2024-09-20T06:59:52.878Z] Time:          Fri Sep 20 2024 12:29:52 GMT+0530 (India Standard Time)
[debug] [2024-09-20T06:59:52.878Z] ----------------------------------------------------------------------
[debug] 
[debug] [2024-09-20T06:59:52.890Z] > command requires scopes: ["email","openid","https://www.googleapis.com/auth/cloudplatformprojects.readonly","https://www.googleapis.com/auth/firebase","https://www.googleapis.com/auth/cloud-platform"]
[debug] [2024-09-20T06:59:52.891Z] > authorizing via signed-in user (riya.dhingra@geekyants.com)
[info] 
     ######## #### ########  ######## ########     ###     ######  ########
     ##        ##  ##     ## ##       ##     ##  ##   ##  ##       ##
     ######    ##  ########  ######   ########  #########  ######  ######
     ##        ##  ##    ##  ##       ##     ## ##     ##       ## ##
     ##       #### ##     ## ######## ########  ##     ##  ######  ########

You're about to initialize a Firebase project in this directory:

  /Users/riyadhingra/Desktop/firebase/firbase

[info] 
=== Project Setup
[info] 
[info] First, let's associate this project directory with a Firebase project.
[info] You can create multiple project aliases by running firebase use --add, 
[info] but for now we'll just set up a default project.
[info] 
[debug] [2024-09-20T07:00:53.902Z] >>> [apiv2][query] GET https://firebase.googleapis.com/v1beta1/projects pageSize=100
[debug] [2024-09-20T07:00:54.935Z] <<< [apiv2][status] GET https://firebase.googleapis.com/v1beta1/projects 200
[debug] [2024-09-20T07:00:54.935Z] <<< [apiv2][body] GET https://firebase.googleapis.com/v1beta1/projects [omitted]
[info] i  Using project fir-course-8e9d4 (firebase-course) 
[info] 
=== Hosting Setup
[debug] [2024-09-20T07:01:29.702Z] >>> [apiv2][query] GET https://firebase.googleapis.com/v1beta1/projects/fir-course-8e9d4 [none]
[debug] [2024-09-20T07:01:30.138Z] <<< [apiv2][status] GET https://firebase.googleapis.com/v1beta1/projects/fir-course-8e9d4 200
[debug] [2024-09-20T07:01:30.138Z] <<< [apiv2][body] GET https://firebase.googleapis.com/v1beta1/projects/fir-course-8e9d4 {"projectId":"fir-course-8e9d4","projectNumber":"445974247551","displayName":"firebase-course","name":"projects/fir-course-8e9d4","resources":{"hostingSite":"fir-course-8e9d4","storageBucket":"fir-course-8e9d4.appspot.com","locationId":"asia-south1"},"state":"ACTIVE","etag":"1_4cb78306-4250-449f-9226-2bdb34d5d37b"}
[info] 
[info] Your public directory is the folder (relative to your project directory) that
[info] will contain Hosting assets to be uploaded with firebase deploy. If you
[info] have a build process for your assets, use your build's output directory.
[info] 
[info] ✔  Wrote public/404.html 
[debug] [2024-09-20T07:02:23.411Z] >>> [apiv2][query] GET https://www.gstatic.com/firebasejs/releases.json [none]
[debug] [2024-09-20T07:02:23.545Z] <<< [apiv2][status] GET https://www.gstatic.com/firebasejs/releases.json 200
[debug] [2024-09-20T07:02:23.545Z] <<< [apiv2][body] GET https://www.gstatic.com/firebasejs/releases.json {"current":{"version":"10.13.2","browserURL":"https://www.gstatic.com/firebasejs/10.13.2/firebase.js","packageURL":"https://www.gstatic.com/firebasejs/10.13.2/firebase.tgz"},"live":{"version":"10.13","browserURL":"https://www.gstatic.com/firebasejs/live/10.13/firebase.js","packageURL":"https://www.gstatic.com/firebasejs/live/10.13/firebase.tgz"},"components":{"analytics":"https://www.gstatic.com/firebasejs/10.13.2/firebase-analytics.js","app":"https://www.gstatic.com/firebasejs/10.13.2/firebase-app.js","app-check":"https://www.gstatic.com/firebasejs/10.13.2/firebase-app-check.js","auth":"https://www.gstatic.com/firebasejs/10.13.2/firebase-auth.js","auth/cordova":"https://www.gstatic.com/firebasejs/10.13.2/firebase-auth/cordova.js","auth/web-extension":"https://www.gstatic.com/firebasejs/10.13.2/firebase-auth/web-extension.js","functions":"https://www.gstatic.com/firebasejs/10.13.2/firebase-functions.js","firestore":"https://www.gstatic.com/firebasejs/10.13.2/firebase-firestore.js","firestore/lite":"https://www.gstatic.com/firebasejs/10.13.2/firebase-firestore/lite.js","installations":"https://www.gstatic.com/firebasejs/10.13.2/firebase-installations.js","storage":"https://www.gstatic.com/firebasejs/10.13.2/firebase-storage.js","performance":"https://www.gstatic.com/firebasejs/10.13.2/firebase-performance.js","remote-config":"https://www.gstatic.com/firebasejs/10.13.2/firebase-remote-config.js","messaging":"https://www.gstatic.com/firebasejs/10.13.2/firebase-messaging.js","messaging/sw":"https://www.gstatic.com/firebasejs/10.13.2/firebase-messaging/sw.js","database":"https://www.gstatic.com/firebasejs/10.13.2/firebase-database.js","vertexai-preview":"https://www.gstatic.com/firebasejs/10.13.2/firebase-vertexai-preview.js","firestore.memory":"https://www.gstatic.com/firebasejs/10.13.2/firebase-firestore.memory.js"}}
[info] i  Skipping write of public/index.html 
[info] 
[info] i  Detected a .git folder at /Users/riyadhingra/Desktop/firebase/firbase 
[info] i  Authorizing with GitHub to upload your service account to a GitHub repository's secrets store. 
[info] 
[info] Visit this URL on this device to log in:
[info] https://github.com/login/oauth/authorize?client_id=89cf50f02ac6aaed3484&state=105019313&redirect_uri=http%3A%2F%2Flocalhost%3A9005&scope=read%3Auser%20repo%20public_repo
[info] 
[info] Waiting for authentication...
[debug] [2024-09-20T07:03:02.390Z] >>> [apiv2][query] POST https://github.com/login/oauth/access_token [none]
[debug] [2024-09-20T07:03:02.390Z] >>> [apiv2][body] POST https://github.com/login/oauth/access_token [stream]
[debug] [2024-09-20T07:03:02.901Z] <<< [apiv2][status] POST https://github.com/login/oauth/access_token 200
[debug] [2024-09-20T07:03:02.901Z] <<< [apiv2][body] POST https://github.com/login/oauth/access_token {"access_token":"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","token_type":"bearer","scope":"read:user,repo"}
[debug] [2024-09-20T07:03:02.924Z] >>> [apiv2][query] GET https://api.github.com/user [none]
[debug] [2024-09-20T07:03:03.433Z] <<< [apiv2][status] GET https://api.github.com/user 200
[debug] [2024-09-20T07:03:03.434Z] <<< [apiv2][body] GET https://api.github.com/user {"login":"Riya-dhingra3","id":97179871,"node_id":"U_kgDOBcrY3w","avatar_url":"https://avatars.githubusercontent.com/u/97179871?v=4","gravatar_id":"","url":"https://api.github.com/users/Riya-dhingra3","html_url":"https://github.com/Riya-dhingra3","followers_url":"https://api.github.com/users/Riya-dhingra3/followers","following_url":"https://api.github.com/users/Riya-dhingra3/following{/other_user}","gists_url":"https://api.github.com/users/Riya-dhingra3/gists{/gist_id}","starred_url":"https://api.github.com/users/Riya-dhingra3/starred{/owner}{/repo}","subscriptions_url":"https://api.github.com/users/Riya-dhingra3/subscriptions","organizations_url":"https://api.github.com/users/Riya-dhingra3/orgs","repos_url":"https://api.github.com/users/Riya-dhingra3/repos","events_url":"https://api.github.com/users/Riya-dhingra3/events{/privacy}","received_events_url":"https://api.github.com/users/Riya-dhingra3/received_events","type":"User","site_admin":false,"name":null,"company":null,"blog":"","location":null,"email":null,"hireable":null,"bio":null,"twitter_username":null,"notification_email":null,"public_repos":8,"public_gists":0,"followers":0,"following":0,"created_at":"2022-01-05T15:24:01Z","updated_at":"2024-09-12T06:21:52Z","private_gists":0,"total_private_repos":1,"owned_private_repos":1,"disk_usage":48442,"collaborators":0,"two_factor_authentication":false,"plan":{"name":"free","space":976562499,"collaborators":0,"private_repos":10000}}
[info] 
[info] ✔  Success! Logged into GitHub as Riya-dhingra3 
[info] 
